
> rob-drone-go@1.0.0 start
> nodemon

[33m[nodemon] 3.0.1[39m
[33m[nodemon] to restart at any time, enter `rs`[39m
[33m[nodemon] watching path(s): src/**/* .env[39m
[33m[nodemon] watching extensions: js,ts,json[39m
[32m[nodemon] starting `ts-node  --transpile-only ./src/app.ts`[39m
node:events:497
      throw er; // Unhandled 'error' event
      ^

Error: EBADF: bad file descriptor, read
Emitted 'error' event on ReadStream instance at:
    at emitErrorNT (node:internal/streams/destroy:169:8)
    at errorOrDestroy (node:internal/streams/destroy:238:7)
    at node:internal/fs/streams:272:9
    at FSReqCallback.wrapper [as oncomplete] (node:fs:687:5) {
  errno: -9,
  code: 'EBADF',
  syscall: 'read'
}

Node.js v21.2.0
(node:1213) [DEP0040] DeprecationWarning: The `punycode` module is deprecated. Please use a userland alternative instead.
(Use `node --trace-deprecation ...` to show where the warning was created)
(node:1213) [MONGOOSE] DeprecationWarning: Mongoose: the `strictQuery` option will be switched back to `false` by default in Mongoose 7. Use `mongoose.set('strictQuery', false);` if you want to prepare for this change. Or use `mongoose.set('strictQuery', true);` to suppress this warning.
{"level":"info","message":"✌️ DB loaded and connected!","timestamp":"2023-11-26 21:57:30"}
{"level":"info","message":"✌️ Schemas, Controllers, Repositories, Services, etc. loaded","timestamp":"2023-11-26 21:57:32"}
{"level":"info","message":"✌️ Express loaded","timestamp":"2023-11-26 21:57:32"}
Server listening on port: 4000
{"level":"info","message":"\n      ################################################\n      🛡️  Server listening on port: 4000 🛡️ \n      ################################################\n    ","timestamp":"2023-11-26 21:57:32"}

> rob-drone-go@1.0.0 start
> nodemon

[33m[nodemon] 3.0.1[39m
[33m[nodemon] to restart at any time, enter `rs`[39m
[33m[nodemon] watching path(s): src/**/* .env[39m
[33m[nodemon] watching extensions: js,ts,json[39m
[32m[nodemon] starting `ts-node  --transpile-only ./src/app.ts`[39m
node:events:497
      throw er; // Unhandled 'error' event
      ^

Error: EBADF: bad file descriptor, read
Emitted 'error' event on ReadStream instance at:
    at emitErrorNT (node:internal/streams/destroy:169:8)
    at errorOrDestroy (node:internal/streams/destroy:238:7)
    at node:internal/fs/streams:272:9
    at FSReqCallback.wrapper [as oncomplete] (node:fs:687:5) {
  errno: -9,
  code: 'EBADF',
  syscall: 'read'
}

Node.js v21.2.0
(node:3997) [DEP0040] DeprecationWarning: The `punycode` module is deprecated. Please use a userland alternative instead.
(Use `node --trace-deprecation ...` to show where the warning was created)
(node:3997) [MONGOOSE] DeprecationWarning: Mongoose: the `strictQuery` option will be switched back to `false` by default in Mongoose 7. Use `mongoose.set('strictQuery', false);` if you want to prepare for this change. Or use `mongoose.set('strictQuery', true);` to suppress this warning.
{"level":"info","message":"✌️ DB loaded and connected!","timestamp":"2023-11-27 11:43:21"}
{"level":"info","message":"✌️ Schemas, Controllers, Repositories, Services, etc. loaded","timestamp":"2023-11-27 11:43:23"}
{"level":"info","message":"✌️ Express loaded","timestamp":"2023-11-27 11:43:24"}
Server listening on port: 4000
{"level":"info","message":"\n      ################################################\n      🛡️  Server listening on port: 4000 🛡️ \n      ################################################\n    ","timestamp":"2023-11-27 11:43:24"}
